<?xml version="1.0" encoding="utf-8"?><testsuites name="pytest tests"><testsuite name="pytest" errors="0" failures="0" skipped="0" tests="8" time="2.036" timestamp="2026-03-26T11:05:41.388991+00:00" hostname="agent-env-6d42133f-f639-4437-9be6-f4ca49fb6b91"><testcase classname="backend.tests.test_iteration11_schemes.TestSchematicUploadEndpoint" name="test_schematic_upload_requires_auth" time="0.218" /><testcase classname="backend.tests.test_iteration11_schemes.TestSchematicUploadEndpoint" name="test_schematic_upload_with_auth" time="0.691" /><testcase classname="backend.tests.test_iteration11_schemes.TestBaliaContentSchematicFields" name="test_get_content_returns_schematic_field" time="0.103" /><testcase classname="backend.tests.test_iteration11_schemes.TestBaliaContentSchematicFields" name="test_get_content_returns_stove_scheme_field" time="0.102" /><testcase classname="backend.tests.test_iteration11_schemes.TestBaliaContentSchematicFields" name="test_save_schematic_content" time="0.333" /><testcase classname="backend.tests.test_iteration11_schemes.TestBaliaContentSchematicFields" name="test_save_stove_scheme_content" time="0.316" /><testcase classname="backend.tests.test_iteration11_schemes.TestFrontendComponentsLoadData" name="test_balia_content_has_schematic_for_frontend" time="0.114" /><testcase classname="backend.tests.test_iteration11_schemes.TestFrontendComponentsLoadData" name="test_balia_content_has_stove_scheme_for_frontend" time="0.097" /></testsuite></testsuites>