<?xml version="1.0" encoding="utf-8"?><testsuites name="pytest tests"><testsuite name="pytest" errors="0" failures="0" skipped="0" tests="12" time="2.848" timestamp="2026-03-26T11:51:36.482583+00:00" hostname="agent-env-0f3eff0a-4ca6-4465-849a-14f01728868a"><testcase classname="backend.tests.test_iteration13_features.TestInstallmentSettingsAPI" name="test_get_installment_settings_public" time="0.241" /><testcase classname="backend.tests.test_iteration13_features.TestInstallmentSettingsAPI" name="test_put_installment_settings_admin" time="0.222" /><testcase classname="backend.tests.test_iteration13_features.TestInstallmentSettingsAPI" name="test_installment_settings_unauthorized" time="0.102" /><testcase classname="backend.tests.test_iteration13_features.TestSpecialOfferSettingsAPI" name="test_get_special_offer_settings_public" time="0.120" /><testcase classname="backend.tests.test_iteration13_features.TestSpecialOfferSettingsAPI" name="test_put_special_offer_settings_admin" time="0.218" /><testcase classname="backend.tests.test_iteration13_features.TestSpecialOfferSettingsAPI" name="test_special_offer_settings_unauthorized" time="0.104" /><testcase classname="backend.tests.test_iteration13_features.TestCalculatorPricesAPI" name="test_sauna_prices_endpoint" time="0.717" /><testcase classname="backend.tests.test_iteration13_features.TestCalculatorPricesAPI" name="test_calculator_categories_have_input_type" time="0.384" /><testcase classname="backend.tests.test_iteration13_features.TestAdminUploadEndpoint" name="test_upload_endpoint_requires_auth" time="0.099" /><testcase classname="backend.tests.test_iteration13_features.TestAdminUploadEndpoint" name="test_upload_endpoint_with_auth" time="0.221" /><testcase classname="backend.tests.test_iteration13_features.TestHealthAndBasicEndpoints" name="test_health_endpoint" time="0.107" /><testcase classname="backend.tests.test_iteration13_features.TestHealthAndBasicEndpoints" name="test_admin_login" time="0.225" /></testsuite></testsuites>