<?xml version="1.0" encoding="utf-8"?><testsuites name="pytest tests"><testsuite name="pytest" errors="0" failures="0" skipped="0" tests="14" time="1.823" timestamp="2026-03-31T11:56:22.800782+00:00" hostname="agent-env-d3d68f4b-5c31-490a-9abc-c5d6e082e679"><testcase classname="backend.tests.test_iteration22_bulk_settings.TestBulkSettingsEndpoint" name="test_bulk_endpoint_returns_200" time="0.288" /><testcase classname="backend.tests.test_iteration22_bulk_settings.TestBulkSettingsEndpoint" name="test_bulk_endpoint_returns_all_settings" time="0.116" /><testcase classname="backend.tests.test_iteration22_bulk_settings.TestBulkSettingsEndpoint" name="test_bulk_endpoint_hero_settings_structure" time="0.119" /><testcase classname="backend.tests.test_iteration22_bulk_settings.TestBulkSettingsEndpoint" name="test_bulk_endpoint_reviews_array" time="0.110" /><testcase classname="backend.tests.test_iteration22_bulk_settings.TestBulkSettingsEndpoint" name="test_bulk_endpoint_promo_features" time="0.105" /><testcase classname="backend.tests.test_iteration22_bulk_settings.TestBulkSettingsEndpoint" name="test_bulk_endpoint_sauna_advantages" time="0.107" /><testcase classname="backend.tests.test_iteration22_bulk_settings.TestBulkSettingsEndpoint" name="test_bulk_endpoint_social_proof" time="0.108" /><testcase classname="backend.tests.test_iteration22_bulk_settings.TestIndividualEndpointsStillWork" name="test_hero_settings_endpoint" time="0.100" /><testcase classname="backend.tests.test_iteration22_bulk_settings.TestIndividualEndpointsStillWork" name="test_site_settings_endpoint" time="0.105" /><testcase classname="backend.tests.test_iteration22_bulk_settings.TestIndividualEndpointsStillWork" name="test_reviews_endpoint" time="0.103" /><testcase classname="backend.tests.test_iteration22_bulk_settings.TestPageLoading" name="test_main_landing_page" time="0.176" /><testcase classname="backend.tests.test_iteration22_bulk_settings.TestPageLoading" name="test_sauny_page" time="0.109" /><testcase classname="backend.tests.test_iteration22_bulk_settings.TestPageLoading" name="test_balie_page" time="0.108" /><testcase classname="backend.tests.test_iteration22_bulk_settings.TestPageLoading" name="test_blog_page" time="0.100" /></testsuite></testsuites>