<?xml version="1.0" encoding="utf-8"?><testsuites name="pytest tests"><testsuite name="pytest" errors="0" failures="0" skipped="0" tests="11" time="3.023" timestamp="2026-03-31T16:38:59.645088+00:00" hostname="agent-env-c2a010ac-3a6c-44af-9ed4-8a17589c4472"><testcase classname="backend.tests.test_iteration27_caching.TestCachingFeatures" name="test_sauna_public_models_returns_data" time="0.842" /><testcase classname="backend.tests.test_iteration27_caching.TestCachingFeatures" name="test_sauna_public_models_caching_performance" time="0.231" /><testcase classname="backend.tests.test_iteration27_caching.TestCachingFeatures" name="test_sauna_prices_returns_data" time="0.505" /><testcase classname="backend.tests.test_iteration27_caching.TestCachingFeatures" name="test_sauna_prices_caching_performance" time="0.356" /><testcase classname="backend.tests.test_iteration27_caching.TestSettingsBulkEnhancements" name="test_settings_bulk_includes_stock_saunas" time="0.193" /><testcase classname="backend.tests.test_iteration27_caching.TestSettingsBulkEnhancements" name="test_settings_bulk_includes_catalog_available" time="0.163" /><testcase classname="backend.tests.test_iteration27_caching.TestSettingsBulkEnhancements" name="test_settings_bulk_still_includes_reviews" time="0.123" /><testcase classname="backend.tests.test_iteration27_caching.TestAdminExportWithAuth" name="test_admin_export_requires_auth" time="0.139" /><testcase classname="backend.tests.test_iteration27_caching.TestAdminExportWithAuth" name="test_admin_export_works_with_auth" time="0.158" /><testcase classname="backend.tests.test_iteration27_caching.TestHealthAndBasicEndpoints" name="test_health_endpoint" time="0.132" /><testcase classname="backend.tests.test_iteration27_caching.TestHealthAndBasicEndpoints" name="test_root_endpoint" time="0.118" /></testsuite></testsuites>