<?xml version="1.0" encoding="utf-8"?><testsuites name="pytest tests"><testsuite name="pytest" errors="0" failures="0" skipped="0" tests="13" time="4.027" timestamp="2026-03-31T17:19:54.022607+00:00" hostname="agent-env-c2a010ac-3a6c-44af-9ed4-8a17589c4472"><testcase classname="backend.tests.test_iteration29_seo_image_optimization.TestSeoSettingsAPI" name="test_get_seo_settings_public" time="0.219" /><testcase classname="backend.tests.test_iteration29_seo_image_optimization.TestSeoSettingsAPI" name="test_update_seo_settings_requires_auth" time="0.205" /><testcase classname="backend.tests.test_iteration29_seo_image_optimization.TestSeoSettingsAPI" name="test_update_seo_settings_with_og_image" time="0.323" /><testcase classname="backend.tests.test_iteration29_seo_image_optimization.TestSeoSettingsAPI" name="test_seo_og_image_relative_path_format" time="0.360" /><testcase classname="backend.tests.test_iteration29_seo_image_optimization.TestImageOptimization" name="test_image_optimization_w500_q75" time="0.445" /><testcase classname="backend.tests.test_iteration29_seo_image_optimization.TestImageOptimization" name="test_image_optimization_w1200_q85" time="0.558" /><testcase classname="backend.tests.test_iteration29_seo_image_optimization.TestImageOptimization" name="test_image_original_without_params" time="0.661" /><testcase classname="backend.tests.test_iteration29_seo_image_optimization.TestGalleryAndSaunyPage" name="test_gallery_endpoint" time="0.117" /><testcase classname="backend.tests.test_iteration29_seo_image_optimization.TestGalleryAndSaunyPage" name="test_sauna_prices_endpoint" time="0.468" /><testcase classname="backend.tests.test_iteration29_seo_image_optimization.TestGalleryAndSaunyPage" name="test_stock_saunas_endpoint" time="0.136" /><testcase classname="backend.tests.test_iteration29_seo_image_optimization.TestBaliaPageOptimization" name="test_balia_products_endpoint" time="0.180" /><testcase classname="backend.tests.test_iteration29_seo_image_optimization.TestBaliaPageOptimization" name="test_balia_colors_endpoint" time="0.132" /><testcase classname="backend.tests.test_iteration29_seo_image_optimization.TestAboutSection" name="test_about_settings_endpoint" time="0.148" /></testsuite></testsuites>