<?xml version="1.0" encoding="utf-8"?><testsuites name="pytest tests"><testsuite name="pytest" errors="0" failures="0" skipped="0" tests="13" time="2.124" timestamp="2026-03-26T10:38:26.786407+00:00" hostname="agent-env-6d42133f-f639-4437-9be6-f4ca49fb6b91"><testcase classname="backend.tests.test_iteration9_fixes.TestDisabledOptionsAPI" name="test_get_calculator_config_has_disabled_options_field" time="0.162" /><testcase classname="backend.tests.test_iteration9_fixes.TestDisabledOptionsAPI" name="test_put_calculator_config_with_disabled_options" time="0.119" /><testcase classname="backend.tests.test_iteration9_fixes.TestDisabledOptionsAPI" name="test_get_calculator_config_returns_saved_disabled_options" time="0.213" /><testcase classname="backend.tests.test_iteration9_fixes.TestDisabledOptionsAPI" name="test_cleanup_disabled_options" time="0.102" /><testcase classname="backend.tests.test_iteration9_fixes.TestBaliaProductPriceFallback" name="test_balia_products_have_price_strings" time="0.105" /><testcase classname="backend.tests.test_iteration9_fixes.TestBaliaProductPriceFallback" name="test_kwadratowa_170x200_has_price_string" time="0.125" /><testcase classname="backend.tests.test_iteration9_fixes.TestBaliaProductPriceFallback" name="test_api_model_square_170x200_has_zero_base_price" time="0.336" /><testcase classname="backend.tests.test_iteration9_fixes.TestBaliaContentAPI" name="test_get_balia_content" time="0.101" /><testcase classname="backend.tests.test_iteration9_fixes.TestBaliaContentAPI" name="test_post_balia_content_requires_auth" time="0.107" /><testcase classname="backend.tests.test_iteration9_fixes.TestBaliaContentAPI" name="test_post_balia_content_with_auth" time="0.234" /><testcase classname="backend.tests.test_iteration9_fixes.TestHealthAndBasicAPIs" name="test_health_endpoint" time="0.110" /><testcase classname="backend.tests.test_iteration9_fixes.TestHealthAndBasicAPIs" name="test_balia_products_endpoint" time="0.107" /><testcase classname="backend.tests.test_iteration9_fixes.TestHealthAndBasicAPIs" name="test_balia_calculator_prices_endpoint" time="0.234" /></testsuite></testsuites>