<?xml version="1.0" encoding="utf-8"?><testsuites name="pytest tests"><testsuite name="pytest" errors="0" failures="0" skipped="0" tests="5" time="0.817" timestamp="2026-03-31T21:25:53.539972+00:00" hostname="agent-env-d06ca37a-105c-40e6-9c63-d14f276098be"><testcase classname="backend.tests.test_iteration33_catalog_download.TestCatalogDownload" name="test_health_check" time="0.186" /><testcase classname="backend.tests.test_iteration33_catalog_download.TestCatalogDownload" name="test_catalog_download_returns_pdf" time="0.130" /><testcase classname="backend.tests.test_iteration33_catalog_download.TestCatalogDownload" name="test_balia_catalog_download_returns_pdf" time="0.156" /><testcase classname="backend.tests.test_iteration33_catalog_download.TestCatalogDownload" name="test_catalog_info_endpoint" time="0.125" /><testcase classname="backend.tests.test_iteration33_catalog_download.TestCatalogDownload" name="test_balia_catalog_info_endpoint" time="0.166" /></testsuite></testsuites>