<?xml version="1.0" encoding="utf-8"?><testsuites name="pytest tests"><testsuite name="pytest" errors="0" failures="0" skipped="0" tests="15" time="1.483" timestamp="2026-03-31T19:57:06.866024+00:00" hostname="agent-env-d06ca37a-105c-40e6-9c63-d14f276098be"><testcase classname="backend.tests.test_iteration30_og_image_optimization.TestBackendAPIs" name="test_health_endpoint" time="0.181" /><testcase classname="backend.tests.test_iteration30_og_image_optimization.TestBackendAPIs" name="test_settings_bulk_endpoint" time="0.152" /><testcase classname="backend.tests.test_iteration30_og_image_optimization.TestBackendAPIs" name="test_sauna_prices_endpoint" time="0.758" /><testcase classname="backend.tests.test_iteration30_og_image_optimization.TestBackendAPIs" name="test_sauna_public_models_endpoint" time="0.323" /><testcase classname="backend.tests.test_iteration30_og_image_optimization.TestOGImageOptimization" name="test_index_html_og_image_has_params" time="0.000" /><testcase classname="backend.tests.test_iteration30_og_image_optimization.TestOGImageOptimization" name="test_index_html_twitter_image_has_params" time="0.000" /><testcase classname="backend.tests.test_iteration30_og_image_optimization.TestOptimizedImgFunction" name="test_models_jsx_imports_optimizedImg" time="0.000" /><testcase classname="backend.tests.test_iteration30_og_image_optimization.TestOptimizedImgFunction" name="test_models_jsx_uses_optimizedImg" time="0.000" /><testcase classname="backend.tests.test_iteration30_og_image_optimization.TestOptimizedImgFunction" name="test_hero_jsx_imports_optimizedImg" time="0.000" /><testcase classname="backend.tests.test_iteration30_og_image_optimization.TestOptimizedImgFunction" name="test_hero_jsx_uses_optimizedImg" time="0.000" /><testcase classname="backend.tests.test_iteration30_og_image_optimization.TestOptimizedImgFunction" name="test_balie_hero_jsx_imports_optimizedImg" time="0.000" /><testcase classname="backend.tests.test_iteration30_og_image_optimization.TestOptimizedImgFunction" name="test_balie_hero_jsx_uses_optimizedImg" time="0.000" /><testcase classname="backend.tests.test_iteration30_og_image_optimization.TestUtilsOptimizedImgFunction" name="test_optimizedImg_function_exists" time="0.000" /><testcase classname="backend.tests.test_iteration30_og_image_optimization.TestUtilsOptimizedImgFunction" name="test_optimizedImg_only_transforms_api_images" time="0.000" /><testcase classname="backend.tests.test_iteration30_og_image_optimization.TestUtilsOptimizedImgFunction" name="test_optimizedImg_adds_w_and_q_params" time="0.000" /></testsuite></testsuites>