<?xml version="1.0" encoding="utf-8"?><testsuites name="pytest tests"><testsuite name="pytest" errors="0" failures="0" skipped="0" tests="14" time="4.994" timestamp="2026-03-29T16:07:08.326246+00:00" hostname="agent-env-98774f25-25b5-4663-8d42-2ebfd684cf75"><testcase classname="backend.tests.test_iteration15_features.TestHealthAndBasics" name="test_health_endpoint" time="0.239" /><testcase classname="backend.tests.test_iteration15_features.TestVideoReviewsAPI" name="test_get_video_reviews_public" time="0.117" /><testcase classname="backend.tests.test_iteration15_features.TestVideoReviewsAPI" name="test_get_video_reviews_admin" time="0.219" /><testcase classname="backend.tests.test_iteration15_features.TestVideoReviewsAPI" name="test_update_video_reviews_admin" time="0.466" /><testcase classname="backend.tests.test_iteration15_features.TestB2BAPI" name="test_get_b2b_public" time="0.122" /><testcase classname="backend.tests.test_iteration15_features.TestB2BAPI" name="test_get_b2b_admin" time="0.260" /><testcase classname="backend.tests.test_iteration15_features.TestB2BAPI" name="test_update_b2b_admin" time="0.440" /><testcase classname="backend.tests.test_iteration15_features.TestWhatsAppAPI" name="test_get_whatsapp_public" time="0.107" /><testcase classname="backend.tests.test_iteration15_features.TestWhatsAppAPI" name="test_get_whatsapp_admin" time="0.214" /><testcase classname="backend.tests.test_iteration15_features.TestWhatsAppAPI" name="test_update_whatsapp_admin" time="0.456" /><testcase classname="backend.tests.test_iteration15_features.TestFAQExpanded" name="test_sauna_faq_has_13_items" time="0.104" /><testcase classname="backend.tests.test_iteration15_features.TestFAQExpanded" name="test_balia_faq_has_11_items" time="0.113" /><testcase classname="backend.tests.test_iteration15_features.TestBlogAdminAPI" name="test_get_blog_articles_admin" time="0.233" /><testcase classname="backend.tests.test_iteration15_features.TestB2BContactForm" name="test_b2b_contact_form" time="1.827" /></testsuite></testsuites>