<?xml version="1.0" encoding="utf-8"?><testsuites name="pytest tests"><testsuite name="pytest" errors="0" failures="0" skipped="0" tests="9" time="6.094" timestamp="2026-04-01T11:30:45.757889+00:00" hostname="agent-env-d06ca37a-105c-40e6-9c63-d14f276098be"><testcase classname="backend.tests.test_cloudinary_integration.TestCloudinaryImageUpload" name="test_upload_image_returns_cloudinary_url" time="0.783" /><testcase classname="backend.tests.test_cloudinary_integration.TestCloudinaryImageRedirect" name="test_get_image_redirects_to_cloudinary" time="0.104" /><testcase classname="backend.tests.test_cloudinary_integration.TestCloudinaryImageRedirect" name="test_get_image_with_transformations" time="0.114" /><testcase classname="backend.tests.test_cloudinary_integration.TestCloudinaryImageRedirect" name="test_get_nonexistent_image_returns_404" time="0.102" /><testcase classname="backend.tests.test_cloudinary_integration.TestCloudinaryVideoUpload" name="test_upload_video_returns_cloudinary_url" time="0.301" /><testcase classname="backend.tests.test_cloudinary_integration.TestCloudinaryVideoRedirect" name="test_get_video_with_cloudinary_url_redirects" time="0.511" /><testcase classname="backend.tests.test_cloudinary_integration.TestCloudinaryMigrationEndpoint" name="test_migration_endpoint_requires_admin" time="0.104" /><testcase classname="backend.tests.test_cloudinary_integration.TestCloudinaryMigrationEndpoint" name="test_migration_endpoint_accessible_with_admin" time="3.797" /><testcase classname="backend.tests.test_cloudinary_integration.TestExistingCloudinaryData" name="test_database_has_cloudinary_images" time="0.212" /></testsuite></testsuites>