<?xml version="1.0" encoding="utf-8"?><testsuites name="pytest tests"><testsuite name="pytest" errors="0" failures="0" skipped="0" tests="11" time="1.893" timestamp="2026-03-29T18:32:49.148734+00:00" hostname="agent-env-6c0d6b49-f48e-4a39-bbb5-4a336905f175"><testcase classname="backend.tests.test_iteration17_features.TestSectionVisibilityAPI" name="test_get_visibility_returns_structure" time="0.311" /><testcase classname="backend.tests.test_iteration17_features.TestSectionVisibilityAPI" name="test_put_visibility_requires_auth" time="0.133" /><testcase classname="backend.tests.test_iteration17_features.TestSectionVisibilityAPI" name="test_put_visibility_with_auth" time="0.477" /><testcase classname="backend.tests.test_iteration17_features.TestMediaURLEndpoints" name="test_hero_settings_returns_background" time="0.105" /><testcase classname="backend.tests.test_iteration17_features.TestMediaURLEndpoints" name="test_main_landing_settings" time="0.111" /><testcase classname="backend.tests.test_iteration17_features.TestMediaURLEndpoints" name="test_balia_content_returns_hero" time="0.132" /><testcase classname="backend.tests.test_iteration17_features.TestSaunaAdvantagesAPI" name="test_get_sauna_advantages" time="0.102" /><testcase classname="backend.tests.test_iteration17_features.TestVideoReviewsAPI" name="test_get_video_reviews" time="0.102" /><testcase classname="backend.tests.test_iteration17_features.TestSpecialOfferAPI" name="test_get_special_offer" time="0.147" /><testcase classname="backend.tests.test_iteration17_features.TestReviewsAPI" name="test_get_reviews" time="0.099" /><testcase classname="backend.tests.test_iteration17_features.TestHealthCheck" name="test_health" time="0.095" /></testsuite></testsuites>