<?xml version="1.0" encoding="utf-8"?><testsuites name="pytest tests"><testsuite name="pytest" errors="0" failures="0" skipped="0" tests="11" time="1.675" timestamp="2026-04-01T08:27:20.640754+00:00" hostname="agent-env-d06ca37a-105c-40e6-9c63-d14f276098be"><testcase classname="backend.tests.test_iteration34_pdf_polish.TestPDFGeneration" name="test_pdf_endpoint_returns_200" time="0.201" /><testcase classname="backend.tests.test_iteration34_pdf_polish.TestPDFGeneration" name="test_pdf_content_type" time="0.128" /><testcase classname="backend.tests.test_iteration34_pdf_polish.TestPDFGeneration" name="test_pdf_content_disposition" time="0.130" /><testcase classname="backend.tests.test_iteration34_pdf_polish.TestPDFGeneration" name="test_pdf_size_reasonable" time="0.128" /><testcase classname="backend.tests.test_iteration34_pdf_polish.TestPDFGeneration" name="test_pdf_is_valid_pdf" time="0.129" /><testcase classname="backend.tests.test_iteration34_pdf_polish.TestPDFPolishCharacters" name="test_pdf_contains_polish_text_with_pdfplumber" time="0.194" /><testcase classname="backend.tests.test_iteration34_pdf_polish.TestPDFPolishCharacters" name="test_pdf_contains_required_sections" time="0.149" /><testcase classname="backend.tests.test_iteration34_pdf_polish.TestPDFPolishCharacters" name="test_pdf_contains_customer_data" time="0.165" /><testcase classname="backend.tests.test_iteration34_pdf_polish.TestPDFInterFont" name="test_pdf_contains_inter_font" time="0.126" /><testcase classname="backend.tests.test_iteration34_pdf_polish.TestPDFEdgeCases" name="test_pdf_minimal_payload" time="0.126" /><testcase classname="backend.tests.test_iteration34_pdf_polish.TestPDFEdgeCases" name="test_pdf_with_discount" time="0.148" /></testsuite></testsuites>