<?xml version="1.0" encoding="utf-8"?><testsuites name="pytest tests"><testsuite name="pytest" errors="0" failures="0" skipped="0" tests="10" time="1.225" timestamp="2026-03-29T16:34:19.099296+00:00" hostname="agent-env-98774f25-25b5-4663-8d42-2ebfd684cf75"><testcase classname="backend.tests.test_iteration16_features.TestBlogArticles" name="test_blog_articles_count" time="0.137" /><testcase classname="backend.tests.test_iteration16_features.TestBlogArticles" name="test_blog_categories_count" time="0.106" /><testcase classname="backend.tests.test_iteration16_features.TestBlogArticles" name="test_blog_articles_by_category_sauny" time="0.120" /><testcase classname="backend.tests.test_iteration16_features.TestBlogArticles" name="test_blog_articles_by_category_b2b" time="0.115" /><testcase classname="backend.tests.test_iteration16_features.TestBlogArticles" name="test_blog_articles_by_category_balie" time="0.110" /><testcase classname="backend.tests.test_iteration16_features.TestB2BPageContent" name="test_b2b_settings_hero_title" time="0.139" /><testcase classname="backend.tests.test_iteration16_features.TestB2BPageContent" name="test_b2b_settings_benefits_count" time="0.105" /><testcase classname="backend.tests.test_iteration16_features.TestB2BPageContent" name="test_b2b_settings_benefits_content" time="0.115" /><testcase classname="backend.tests.test_iteration16_features.TestHealthAndBasicAPIs" name="test_health_endpoint" time="0.117" /><testcase classname="backend.tests.test_iteration16_features.TestHealthAndBasicAPIs" name="test_whatsapp_settings" time="0.101" /></testsuite></testsuites>