<?xml version="1.0" encoding="utf-8"?><testsuites name="pytest tests"><testsuite name="pytest" errors="0" failures="0" skipped="0" tests="9" time="9.913" timestamp="2026-03-29T20:08:28.275428+00:00" hostname="agent-env-c6ecae21-2131-4787-88ca-67480e365f99"><testcase classname="backend.tests.test_iteration21_translation.TestTranslationAPI" name="test_translate_to_english" time="1.108" /><testcase classname="backend.tests.test_iteration21_translation.TestTranslationAPI" name="test_translate_to_german" time="2.162" /><testcase classname="backend.tests.test_iteration21_translation.TestTranslationAPI" name="test_translate_to_czech" time="0.591" /><testcase classname="backend.tests.test_iteration21_translation.TestTranslationAPI" name="test_translate_caching" time="0.629" /><testcase classname="backend.tests.test_iteration21_translation.TestTranslationAPI" name="test_translate_empty_texts" time="0.110" /><testcase classname="backend.tests.test_iteration21_translation.TestTranslationAPI" name="test_translate_invalid_language" time="0.098" /><testcase classname="backend.tests.test_iteration21_translation.TestTranslationAPI" name="test_translate_preserves_brand_names" time="0.421" /><testcase classname="backend.tests.test_iteration21_translation.TestTranslationAPI" name="test_translate_batch_limit" time="4.627" /><testcase classname="backend.tests.test_iteration21_translation.TestHealthEndpoint" name="test_health" time="0.105" /></testsuite></testsuites>