<?xml version="1.0" encoding="utf-8"?><testsuites name="pytest tests"><testsuite name="pytest" errors="0" failures="0" skipped="0" tests="18" time="3.126" timestamp="2026-03-23T14:11:52.064665+00:00" hostname="agent-env-6f3bc84f-573e-4eff-a39c-c7355db66ffb"><testcase classname="backend.tests.test_new_features.TestHealthEndpoints" name="test_api_root" time="0.226" /><testcase classname="backend.tests.test_new_features.TestHealthEndpoints" name="test_health_check" time="0.103" /><testcase classname="backend.tests.test_new_features.TestModelsConfig" name="test_get_models_config_public" time="0.114" /><testcase classname="backend.tests.test_new_features.TestModelsConfig" name="test_get_models_content_public" time="0.110" /><testcase classname="backend.tests.test_new_features.TestModelsConfig" name="test_update_models_config_admin" time="0.214" /><testcase classname="backend.tests.test_new_features.TestModelsConfig" name="test_update_models_content_admin" time="0.166" /><testcase classname="backend.tests.test_new_features.TestModelsConfig" name="test_update_models_config_unauthorized" time="0.105" /><testcase classname="backend.tests.test_new_features.TestSeoSettings" name="test_get_seo_settings_public" time="0.116" /><testcase classname="backend.tests.test_new_features.TestSeoSettings" name="test_update_seo_settings_admin" time="0.170" /><testcase classname="backend.tests.test_new_features.TestSeoSettings" name="test_update_seo_settings_unauthorized" time="0.126" /><testcase classname="backend.tests.test_new_features.TestStockSaunasImport" name="test_get_stock_saunas_public" time="0.129" /><testcase classname="backend.tests.test_new_features.TestStockSaunasImport" name="test_get_stock_saunas_admin" time="0.170" /><testcase classname="backend.tests.test_new_features.TestStockSaunasImport" name="test_create_stock_sauna_from_import" time="0.234" /><testcase classname="backend.tests.test_new_features.TestStockSaunasImport" name="test_create_stock_sauna_unauthorized" time="0.104" /><testcase classname="backend.tests.test_new_features.TestSaunaPricesProxy" name="test_get_sauna_prices" time="0.528" /><testcase classname="backend.tests.test_new_features.TestSectionOrder" name="test_get_section_order" time="0.116" /><testcase classname="backend.tests.test_new_features.TestAdminLogin" name="test_admin_login_success" time="0.106" /><testcase classname="backend.tests.test_new_features.TestAdminLogin" name="test_admin_login_invalid" time="0.158" /></testsuite></testsuites>