<?xml version="1.0" encoding="utf-8"?><testsuites name="pytest tests"><testsuite name="pytest" errors="0" failures="0" skipped="0" tests="9" time="9.390" timestamp="2026-04-01T09:01:20.105964+00:00" hostname="agent-env-d06ca37a-105c-40e6-9c63-d14f276098be"><testcase classname="tests.test_iteration35_video_range.TestVideoRangeRequests" name="test_video_without_range_returns_full_file" time="8.279" /><testcase classname="tests.test_iteration35_video_range.TestVideoRangeRequests" name="test_video_with_range_returns_206_partial" time="0.128" /><testcase classname="tests.test_iteration35_video_range.TestVideoRangeRequests" name="test_video_range_middle_chunk" time="0.140" /><testcase classname="tests.test_iteration35_video_range.TestVideoRangeRequests" name="test_video_range_end_of_file" time="0.118" /><testcase classname="tests.test_iteration35_video_range.TestVideoRangeRequests" name="test_video_404_for_nonexistent" time="0.110" /><testcase classname="tests.test_iteration35_video_range.TestVideoRangeRequests" name="test_video_has_accept_ranges_header" time="0.122" /><testcase classname="tests.test_iteration35_video_range.TestVideoRangeRequests" name="test_existing_video_from_uploads" time="0.209" /><testcase classname="tests.test_iteration35_video_range.TestVideoRangeEdgeCases" name="test_range_beyond_file_size" time="0.102" /><testcase classname="tests.test_iteration35_video_range.TestVideoRangeEdgeCases" name="test_range_start_only" time="0.116" /></testsuite></testsuites>