<?xml version="1.0" encoding="utf-8"?><testsuites name="pytest tests"><testsuite name="pytest" errors="0" failures="0" skipped="0" tests="12" time="2.914" timestamp="2026-03-23T14:28:46.255112+00:00" hostname="agent-env-6f3bc84f-573e-4eff-a39c-c7355db66ffb"><testcase classname="backend.tests.test_conversion_features.TestHealthCheck" name="test_api_health" time="0.167" /><testcase classname="backend.tests.test_conversion_features.TestSocialProofSettings" name="test_get_social_proof_public" time="0.112" /><testcase classname="backend.tests.test_conversion_features.TestSocialProofSettings" name="test_update_social_proof_requires_auth" time="0.134" /><testcase classname="backend.tests.test_conversion_features.TestSocialProofSettings" name="test_update_social_proof_with_auth" time="0.184" /><testcase classname="backend.tests.test_conversion_features.TestFaqSettings" name="test_get_faq_public" time="0.139" /><testcase classname="backend.tests.test_conversion_features.TestFaqSettings" name="test_update_faq_requires_auth" time="0.167" /><testcase classname="backend.tests.test_conversion_features.TestFaqSettings" name="test_update_faq_with_auth" time="0.191" /><testcase classname="backend.tests.test_conversion_features.TestSectionOrder" name="test_section_order_includes_faq" time="0.098" /><testcase classname="backend.tests.test_conversion_features.TestModelsConfig" name="test_get_models_config" time="0.132" /><testcase classname="backend.tests.test_conversion_features.TestModelsConfig" name="test_get_sauna_prices" time="1.019" /><testcase classname="backend.tests.test_conversion_features.TestAdminAuth" name="test_admin_login_success" time="0.316" /><testcase classname="backend.tests.test_conversion_features.TestAdminAuth" name="test_admin_login_failure" time="0.125" /></testsuite></testsuites>