<?xml version="1.0" encoding="utf-8"?><testsuites name="pytest tests"><testsuite name="pytest" errors="0" failures="0" skipped="0" tests="14" time="4.944" timestamp="2026-04-01T13:52:21.849993+00:00" hostname="agent-env-b23dc27b-cb36-4c4d-ae38-67b3e5756636"><testcase classname="backend.tests.test_iteration40_stock_features.TestStockSaunasAPI" name="test_get_stock_saunas" time="0.287" /><testcase classname="backend.tests.test_iteration40_stock_features.TestStockSaunasAPI" name="test_stock_sauna_has_gallery_field" time="0.125" /><testcase classname="backend.tests.test_iteration40_stock_features.TestStockSaunasAPI" name="test_stock_sauna_has_description_field" time="0.182" /><testcase classname="backend.tests.test_iteration40_stock_features.TestStockCTAConfig" name="test_get_stock_cta_config" time="0.167" /><testcase classname="backend.tests.test_iteration40_stock_features.TestStockCTAConfig" name="test_update_stock_cta_config_requires_auth" time="0.116" /><testcase classname="backend.tests.test_iteration40_stock_features.TestStockCTAConfig" name="test_update_stock_cta_config_with_auth" time="0.424" /><testcase classname="backend.tests.test_iteration40_stock_features.TestStockCTAConfig" name="test_cta_config_action_types" time="0.638" /><testcase classname="backend.tests.test_iteration40_stock_features.TestContactFormSubmission" name="test_submit_stock_order" time="1.611" /><testcase classname="backend.tests.test_iteration40_stock_features.TestContactFormSubmission" name="test_submit_order_validation" time="0.098" /><testcase classname="backend.tests.test_iteration40_stock_features.TestAdminStockSaunas" name="test_get_admin_stock_saunas" time="0.113" /><testcase classname="backend.tests.test_iteration40_stock_features.TestAdminStockSaunas" name="test_create_stock_sauna" time="0.390" /><testcase classname="backend.tests.test_iteration40_stock_features.TestAdminStockSaunas" name="test_update_stock_sauna" time="0.451" /><testcase classname="backend.tests.test_iteration40_stock_features.TestBulkSettingsIncludesStock" name="test_bulk_settings_includes_stock_saunas" time="0.124" /><testcase classname="backend.tests.test_iteration40_stock_features.TestBulkSettingsIncludesStock" name="test_bulk_settings_includes_stock_cta_config" time="0.140" /></testsuite></testsuites>