<?xml version="1.0" encoding="utf-8"?><testsuites name="pytest tests"><testsuite name="pytest" errors="0" failures="0" skipped="0" tests="11" time="1.038" timestamp="2026-03-31T12:08:28.422497+00:00" hostname="agent-env-d3d68f4b-5c31-490a-9abc-c5d6e082e679"><testcase classname="tests.test_iteration23_fixes.TestButtonConfig" name="test_button_config_endpoint_returns_buttons" time="0.143" /><testcase classname="tests.test_iteration23_fixes.TestGZipCompression" name="test_gzip_compression_enabled" time="0.118" /><testcase classname="tests.test_iteration23_fixes.TestGZipCompression" name="test_response_without_gzip_header" time="0.110" /><testcase classname="tests.test_iteration23_fixes.TestIntegrationSettings" name="test_integration_settings_has_catalog_fields" time="0.147" /><testcase classname="tests.test_iteration23_fixes.TestBulkSettings" name="test_bulk_settings_returns_all_settings" time="0.138" /><testcase classname="tests.test_iteration23_fixes.TestPageLoading" name="test_sauny_page_loads" time="0.129" /><testcase classname="tests.test_iteration23_fixes.TestPageLoading" name="test_balie_page_loads" time="0.096" /><testcase classname="tests.test_iteration23_fixes.TestPageLoading" name="test_main_page_loads" time="0.104" /><testcase classname="tests.test_iteration23_fixes.TestCatalogFormGateCode" name="test_catalog_form_gate_has_z9999" time="0.000" /><testcase classname="tests.test_iteration23_fixes.TestHeroButtonConfig" name="test_hero_uses_button_config" time="0.000" /><testcase classname="tests.test_iteration23_fixes.TestAmoCRMCatalogPipeline" name="test_send_amocrm_lead_has_catalog_logic" time="0.001" /></testsuite></testsuites>