<?xml version="1.0" encoding="utf-8"?><testsuites name="pytest tests"><testsuite name="pytest" errors="0" failures="3" skipped="0" tests="13" time="5.468" timestamp="2026-04-01T12:24:58.146465+00:00" hostname="agent-env-b23dc27b-cb36-4c4d-ae38-67b3e5756636"><testcase classname="backend.tests.test_iteration39_adaptive_video.TestAdaptiveVideoQuality" name="test_main_landing_returns_cloudinary_video_urls" time="0.139" /><testcase classname="backend.tests.test_iteration39_adaptive_video.TestAdaptiveVideoQuality" name="test_cloudinary_video_url_structure" time="0.110" /><testcase classname="backend.tests.test_iteration39_adaptive_video.TestAdaptiveVideoQuality" name="test_cloudinary_video_accessible" time="0.322" /><testcase classname="backend.tests.test_iteration39_adaptive_video.TestAdaptiveVideoQuality" name="test_cloudinary_transformed_video_desktop" time="0.810" /><testcase classname="backend.tests.test_iteration39_adaptive_video.TestAdaptiveVideoQuality" name="test_cloudinary_transformed_video_mobile" time="0.744" /><testcase classname="backend.tests.test_iteration39_adaptive_video.TestAdaptiveVideoQuality" name="test_cloudinary_video_poster_desktop" time="0.163" /><testcase classname="backend.tests.test_iteration39_adaptive_video.TestAdaptiveVideoQuality" name="test_cloudinary_video_poster_mobile" time="0.715" /><testcase classname="backend.tests.test_iteration39_adaptive_video.TestMainLandingAPI" name="test_main_landing_returns_all_fields" time="0.105" /><testcase classname="backend.tests.test_iteration39_adaptive_video.TestContactFormAPI" name="test_contact_form_submission" time="1.804" /><testcase classname="backend.tests.test_iteration39_adaptive_video.TestNavigationEndpoints" name="test_sauny_page_data" time="0.131"><failure message="assert 404 == 200&#10; +  where 404 = &lt;Response [404]&gt;.status_code">backend/tests/test_iteration39_adaptive_video.py:164: in test_sauny_page_data
    assert response.status_code == 200
E   assert 404 == 200
E    +  where 404 = &lt;Response [404]&gt;.status_code</failure></testcase><testcase classname="backend.tests.test_iteration39_adaptive_video.TestNavigationEndpoints" name="test_balie_page_data" time="0.116"><failure message="assert 404 == 200&#10; +  where 404 = &lt;Response [404]&gt;.status_code">backend/tests/test_iteration39_adaptive_video.py:169: in test_balie_page_data
    assert response.status_code == 200
E   assert 404 == 200
E    +  where 404 = &lt;Response [404]&gt;.status_code</failure></testcase><testcase classname="backend.tests.test_iteration39_adaptive_video.TestNavigationEndpoints" name="test_hero_settings" time="0.106" /><testcase classname="backend.tests.test_iteration39_adaptive_video.TestNavigationEndpoints" name="test_balia_hero_settings" time="0.116"><failure message="assert 404 == 200&#10; +  where 404 = &lt;Response [404]&gt;.status_code">backend/tests/test_iteration39_adaptive_video.py:179: in test_balia_hero_settings
    assert response.status_code == 200
E   assert 404 == 200
E    +  where 404 = &lt;Response [404]&gt;.status_code</failure></testcase></testsuite></testsuites>