<?xml version="1.0" encoding="utf-8"?><testsuites name="pytest tests"><testsuite name="pytest" errors="0" failures="0" skipped="0" tests="18" time="3.250" timestamp="2026-03-29T18:57:10.390466+00:00" hostname="agent-env-6c0d6b49-f48e-4a39-bbb5-4a336905f175"><testcase classname="tests.test_iteration18_features.TestObjectStorageImages" name="test_get_image_from_storage" time="0.399" /><testcase classname="tests.test_iteration18_features.TestObjectStorageImages" name="test_get_nonexistent_image" time="0.103" /><testcase classname="tests.test_iteration18_features.TestObjectStorageImages" name="test_static_sauna_cutaway_image" time="0.140" /><testcase classname="tests.test_iteration18_features.TestObjectStorageVideos" name="test_get_video_from_storage" time="0.364" /><testcase classname="tests.test_iteration18_features.TestObjectStorageVideos" name="test_get_nonexistent_video" time="0.102" /><testcase classname="tests.test_iteration18_features.TestSectionVisibility" name="test_get_visibility_settings" time="0.117" /><testcase classname="tests.test_iteration18_features.TestSectionVisibility" name="test_update_visibility_settings" time="0.260" /><testcase classname="tests.test_iteration18_features.TestCarouselSettingsEndpoints" name="test_special_offer_settings" time="0.113" /><testcase classname="tests.test_iteration18_features.TestCarouselSettingsEndpoints" name="test_sauna_advantages_settings" time="0.119" /><testcase classname="tests.test_iteration18_features.TestCarouselSettingsEndpoints" name="test_video_reviews_settings" time="0.109" /><testcase classname="tests.test_iteration18_features.TestCarouselSettingsEndpoints" name="test_reviews_content" time="0.097" /><testcase classname="tests.test_iteration18_features.TestCarouselSettingsEndpoints" name="test_reviews_list" time="0.105" /><testcase classname="tests.test_iteration18_features.TestAdminUploadEndpoints" name="test_upload_image_endpoint_exists" time="0.117" /><testcase classname="tests.test_iteration18_features.TestAdminUploadEndpoints" name="test_upload_video_endpoint_exists" time="0.140" /><testcase classname="tests.test_iteration18_features.TestAdminUploadEndpoints" name="test_upload_image_with_auth_no_file" time="0.184" /><testcase classname="tests.test_iteration18_features.TestAdminUploadEndpoints" name="test_upload_video_with_auth_no_file" time="0.092" /><testcase classname="tests.test_iteration18_features.TestHeroBackgroundImages" name="test_sauny_hero_settings" time="0.103" /><testcase classname="tests.test_iteration18_features.TestHeroBackgroundImages" name="test_resolve_relative_image_url" time="0.523" /></testsuite></testsuites>