<?xml version="1.0" encoding="utf-8"?><testsuites name="pytest tests"><testsuite name="pytest" errors="0" failures="0" skipped="0" tests="15" time="1.152" timestamp="2026-03-26T12:17:19.411008+00:00" hostname="agent-env-0f3eff0a-4ca6-4465-849a-14f01728868a"><testcase classname="backend.tests.test_iteration14_balia_features.TestHealthAndBasics" name="test_health_endpoint" time="0.229" /><testcase classname="backend.tests.test_iteration14_balia_features.TestHealthAndBasics" name="test_admin_login" time="0.053" /><testcase classname="backend.tests.test_iteration14_balia_features.TestBaliaCatalogEndpoints" name="test_balia_catalog_info_no_catalog" time="0.051" /><testcase classname="backend.tests.test_iteration14_balia_features.TestBaliaCatalogEndpoints" name="test_balia_catalog_download_404_when_not_uploaded" time="0.093" /><testcase classname="backend.tests.test_iteration14_balia_features.TestBaliaCatalogEndpoints" name="test_balia_catalog_upload_requires_auth" time="0.045" /><testcase classname="backend.tests.test_iteration14_balia_features.TestBaliaCatalogEndpoints" name="test_balia_catalog_delete_requires_auth" time="0.046" /><testcase classname="backend.tests.test_iteration14_balia_features.TestBaliaIntegrationSettings" name="test_get_balia_integrations_requires_auth" time="0.044" /><testcase classname="backend.tests.test_iteration14_balia_features.TestBaliaIntegrationSettings" name="test_get_balia_integrations_returns_defaults" time="0.047" /><testcase classname="backend.tests.test_iteration14_balia_features.TestBaliaIntegrationSettings" name="test_put_balia_integrations_requires_auth" time="0.044" /><testcase classname="backend.tests.test_iteration14_balia_features.TestBaliaIntegrationSettings" name="test_put_balia_integrations_saves_settings" time="0.182" /><testcase classname="backend.tests.test_iteration14_balia_features.TestBaliaTestEndpoints" name="test_balia_telegram_test_requires_auth" time="0.047" /><testcase classname="backend.tests.test_iteration14_balia_features.TestBaliaTestEndpoints" name="test_balia_amocrm_test_requires_auth" time="0.044" /><testcase classname="backend.tests.test_iteration14_balia_features.TestContactFormBaliaRouting" name="test_contact_form_balia_order_type" time="0.063" /><testcase classname="backend.tests.test_iteration14_balia_features.TestBaliaProductsEndpoint" name="test_get_balia_products" time="0.047" /><testcase classname="backend.tests.test_iteration14_balia_features.TestBaliaContentEndpoint" name="test_get_balia_content" time="0.048" /></testsuite></testsuites>