<?xml version="1.0" encoding="utf-8"?><testsuites name="pytest tests"><testsuite name="pytest" errors="0" failures="0" skipped="0" tests="18" time="2.836" timestamp="2026-03-23T17:51:25.109341+00:00" hostname="agent-env-97e48114-ce3b-4495-8053-ec79b6d936d6"><testcase classname="backend.tests.test_amocrm_integration.TestHealthCheck" name="test_api_health" time="0.212" /><testcase classname="backend.tests.test_amocrm_integration.TestAmoCrmStatusEndpoint" name="test_amocrm_status_requires_auth" time="0.115" /><testcase classname="backend.tests.test_amocrm_integration.TestAmoCrmStatusEndpoint" name="test_amocrm_status_returns_not_connected" time="0.116" /><testcase classname="backend.tests.test_amocrm_integration.TestAmoCrmPipelinesEndpoint" name="test_amocrm_pipelines_requires_auth" time="0.143" /><testcase classname="backend.tests.test_amocrm_integration.TestAmoCrmPipelinesEndpoint" name="test_amocrm_pipelines_returns_400_when_not_configured" time="0.109" /><testcase classname="backend.tests.test_amocrm_integration.TestAmoCrmUsersEndpoint" name="test_amocrm_users_requires_auth" time="0.103" /><testcase classname="backend.tests.test_amocrm_integration.TestAmoCrmUsersEndpoint" name="test_amocrm_users_returns_400_when_not_configured" time="0.112" /><testcase classname="backend.tests.test_amocrm_integration.TestAmoCrmFieldsEndpoint" name="test_amocrm_fields_requires_auth" time="0.102" /><testcase classname="backend.tests.test_amocrm_integration.TestAmoCrmFieldsEndpoint" name="test_amocrm_fields_leads_returns_400_when_not_configured" time="0.108" /><testcase classname="backend.tests.test_amocrm_integration.TestAmoCrmFieldsEndpoint" name="test_amocrm_fields_contacts_returns_400_when_not_configured" time="0.146" /><testcase classname="backend.tests.test_amocrm_integration.TestAmoCrmTestConnectionEndpoint" name="test_test_amocrm_requires_auth" time="0.124" /><testcase classname="backend.tests.test_amocrm_integration.TestAmoCrmTestConnectionEndpoint" name="test_test_amocrm_returns_400_when_not_configured" time="0.412" /><testcase classname="backend.tests.test_amocrm_integration.TestIntegrationSettingsEndpoint" name="test_get_integration_settings_requires_auth" time="0.128" /><testcase classname="backend.tests.test_amocrm_integration.TestIntegrationSettingsEndpoint" name="test_get_integration_settings_with_auth" time="0.119" /><testcase classname="backend.tests.test_amocrm_integration.TestIntegrationSettingsEndpoint" name="test_put_integration_settings_requires_auth" time="0.145" /><testcase classname="backend.tests.test_amocrm_integration.TestIntegrationSettingsEndpoint" name="test_put_integration_settings_with_auth" time="0.241" /><testcase classname="backend.tests.test_amocrm_integration.TestAdminAuth" name="test_admin_login_success" time="0.157" /><testcase classname="backend.tests.test_amocrm_integration.TestAdminAuth" name="test_admin_login_failure" time="0.108" /></testsuite></testsuites>