<?xml version="1.0" encoding="utf-8"?><testsuites name="pytest tests"><testsuite name="pytest" errors="0" failures="0" skipped="0" tests="9" time="5.507" timestamp="2026-03-26T11:18:12.258523+00:00" hostname="agent-env-6d42133f-f639-4437-9be6-f4ca49fb6b91"><testcase classname="backend.tests.test_iteration12_features.TestHeaterVariantsPricing" name="test_api_returns_heater_variants_for_round_225" time="0.597" /><testcase classname="backend.tests.test_iteration12_features.TestHeaterVariantsPricing" name="test_api_returns_single_heater_variant_for_square_170x200" time="0.262" /><testcase classname="backend.tests.test_iteration12_features.TestHeaterVariantsPricing" name="test_products_have_api_model_id_mapping" time="0.113" /><testcase classname="backend.tests.test_iteration12_features.TestSVGStyleSelectors" name="test_content_api_returns_svg_style_fields" time="0.104" /><testcase classname="backend.tests.test_iteration12_features.TestSVGStyleSelectors" name="test_save_schematic_svg_style" time="0.799" /><testcase classname="backend.tests.test_iteration12_features.TestSVGStyleSelectors" name="test_save_stove_svg_style" time="1.708" /><testcase classname="backend.tests.test_iteration12_features.TestRequestFormOrderSummary" name="test_contact_api_accepts_order_data" time="1.618" /><testcase classname="backend.tests.test_iteration12_features.TestCardOptionsSettings" name="test_card_options_settings_api" time="0.135" /><testcase classname="backend.tests.test_iteration12_features.TestOptionExclusions" name="test_option_exclusions_api" time="0.102" /></testsuite></testsuites>