<?xml version="1.0" encoding="utf-8"?><testsuites name="pytest tests"><testsuite name="pytest" errors="0" failures="0" skipped="0" tests="9" time="3.024" timestamp="2026-04-01T12:16:57.428011+00:00" hostname="agent-env-b23dc27b-cb36-4c4d-ae38-67b3e5756636"><testcase classname="backend.tests.test_video_preload.TestMainLandingSettings" name="test_main_landing_settings_returns_200" time="0.178" /><testcase classname="backend.tests.test_video_preload.TestMainLandingSettings" name="test_main_landing_has_sauna_video" time="0.187" /><testcase classname="backend.tests.test_video_preload.TestMainLandingSettings" name="test_main_landing_has_balia_video" time="0.141" /><testcase classname="backend.tests.test_video_preload.TestMainLandingSettings" name="test_main_landing_has_images" time="0.110" /><testcase classname="backend.tests.test_video_preload.TestMainLandingSettings" name="test_video_urls_are_accessible" time="0.268" /><testcase classname="backend.tests.test_video_preload.TestHealthAndBasicEndpoints" name="test_health_endpoint" time="0.130" /><testcase classname="backend.tests.test_video_preload.TestHealthAndBasicEndpoints" name="test_root_endpoint" time="0.145" /><testcase classname="backend.tests.test_video_preload.TestContactFormSubmission" name="test_contact_form_submission" time="1.688" /><testcase classname="backend.tests.test_video_preload.TestBulkSettings" name="test_bulk_settings_includes_main_landing" time="0.114" /></testsuite></testsuites>