<?xml version="1.0" encoding="utf-8"?><testsuites name="pytest tests"><testsuite name="pytest" errors="0" failures="0" skipped="0" tests="13" time="2.349" timestamp="2026-03-26T10:18:16.332423+00:00" hostname="agent-env-6d42133f-f639-4437-9be6-f4ca49fb6b91"><testcase classname="backend.tests.test_new_features.TestHealthAndBasicAPIs" name="test_health_endpoint" time="0.164" /><testcase classname="backend.tests.test_new_features.TestHealthAndBasicAPIs" name="test_balia_products_endpoint" time="0.100" /><testcase classname="backend.tests.test_new_features.TestOptionExclusionsAPI" name="test_get_option_exclusions" time="0.220" /><testcase classname="backend.tests.test_new_features.TestOptionExclusionsAPI" name="test_post_option_exclusions_requires_auth" time="0.094" /><testcase classname="backend.tests.test_new_features.TestOptionExclusionsAPI" name="test_post_option_exclusions_with_auth" time="0.109" /><testcase classname="backend.tests.test_new_features.TestBaliaCalculatorAPI" name="test_calculator_prices_endpoint" time="0.489" /><testcase classname="backend.tests.test_new_features.TestBaliaContentAPI" name="test_get_balia_content" time="0.110" /><testcase classname="backend.tests.test_new_features.TestBaliaContentAPI" name="test_post_balia_content_requires_auth" time="0.105" /><testcase classname="backend.tests.test_new_features.TestBaliaContentAPI" name="test_post_balia_content_with_auth" time="0.112" /><testcase classname="backend.tests.test_new_features.TestSaunaPricesAPI" name="test_sauna_prices_endpoint" time="0.319" /><testcase classname="backend.tests.test_new_features.TestSaunaPricesAPI" name="test_sauna_public_models" time="0.224" /><testcase classname="backend.tests.test_new_features.TestCardOptionsAPI" name="test_get_card_options_settings" time="0.134" /><testcase classname="backend.tests.test_new_features.TestAdminLogin" name="test_admin_login_with_basic_auth" time="0.107" /></testsuite></testsuites>