<?xml version="1.0" encoding="utf-8"?><testsuites name="pytest tests"><testsuite name="pytest" errors="0" failures="0" skipped="0" tests="23" time="2.924" timestamp="2026-03-29T19:23:54.380571+00:00" hostname="agent-env-6c0d6b49-f48e-4a39-bbb5-4a336905f175"><testcase classname="backend.tests.test_iteration19_features.TestPromoBannerAPI" name="test_get_promo_banner_returns_default_data" time="0.200" /><testcase classname="backend.tests.test_iteration19_features.TestPromoBannerAPI" name="test_put_promo_banner_requires_auth" time="0.126" /><testcase classname="backend.tests.test_iteration19_features.TestPromoBannerAPI" name="test_put_promo_banner_with_auth" time="0.165" /><testcase classname="backend.tests.test_iteration19_features.TestBalieAboutAPI" name="test_get_balie_about_returns_data" time="0.113" /><testcase classname="backend.tests.test_iteration19_features.TestBalieAboutAPI" name="test_put_balie_about_requires_auth" time="0.127" /><testcase classname="backend.tests.test_iteration19_features.TestBalieAboutAPI" name="test_put_balie_about_with_auth" time="0.160" /><testcase classname="backend.tests.test_iteration19_features.TestBalieContactAPI" name="test_get_balie_contact_returns_data" time="0.103" /><testcase classname="backend.tests.test_iteration19_features.TestBalieContactAPI" name="test_put_balie_contact_requires_auth" time="0.100" /><testcase classname="backend.tests.test_iteration19_features.TestBalieContactAPI" name="test_put_balie_contact_with_auth" time="0.146" /><testcase classname="backend.tests.test_iteration19_features.TestBalieInstallmentAPI" name="test_get_balie_installment_returns_data" time="0.104" /><testcase classname="backend.tests.test_iteration19_features.TestBalieInstallmentAPI" name="test_put_balie_installment_requires_auth" time="0.108" /><testcase classname="backend.tests.test_iteration19_features.TestBalieInstallmentAPI" name="test_put_balie_installment_with_auth" time="0.185" /><testcase classname="backend.tests.test_iteration19_features.TestCarouselDataAPIs" name="test_special_offer_api" time="0.126" /><testcase classname="backend.tests.test_iteration19_features.TestCarouselDataAPIs" name="test_video_reviews_api" time="0.102" /><testcase classname="backend.tests.test_iteration19_features.TestCarouselDataAPIs" name="test_promo_features_api" time="0.108" /><testcase classname="backend.tests.test_iteration19_features.TestCarouselDataAPIs" name="test_sauna_advantages_api" time="0.097" /><testcase classname="backend.tests.test_iteration19_features.TestBaliaGalleryAPI" name="test_get_balia_gallery" time="0.098" /><testcase classname="backend.tests.test_iteration19_features.TestBaliaGalleryAPI" name="test_upload_requires_auth" time="0.113" /><testcase classname="backend.tests.test_iteration19_features.TestAdminAuth" name="test_admin_contacts_requires_auth" time="0.097" /><testcase classname="backend.tests.test_iteration19_features.TestAdminAuth" name="test_admin_contacts_with_valid_auth" time="0.100" /><testcase classname="backend.tests.test_iteration19_features.TestAdminAuth" name="test_admin_contacts_with_invalid_auth" time="0.096" /><testcase classname="backend.tests.test_iteration19_features.TestReviewsAPI" name="test_get_reviews_content" time="0.134" /><testcase classname="backend.tests.test_iteration19_features.TestReviewsAPI" name="test_get_reviews" time="0.115" /></testsuite></testsuites>