<?xml version="1.0" encoding="utf-8"?><testsuites name="pytest tests"><testsuite name="pytest" errors="0" failures="0" skipped="0" tests="11" time="2.528" timestamp="2026-03-31T15:51:13.058632+00:00" hostname="agent-env-c2a010ac-3a6c-44af-9ed4-8a17589c4472"><testcase classname="backend.tests.test_export_and_balia.TestAdminExport" name="test_export_requires_auth" time="0.294" /><testcase classname="backend.tests.test_export_and_balia.TestAdminExport" name="test_export_returns_valid_json" time="0.180" /><testcase classname="backend.tests.test_export_and_balia.TestAdminExport" name="test_export_contains_balia_colors" time="0.168" /><testcase classname="backend.tests.test_export_and_balia.TestBaliaBulk" name="test_bulk_endpoint_returns_200" time="0.702" /><testcase classname="backend.tests.test_export_and_balia.TestBaliaBulk" name="test_bulk_contains_colors_array" time="0.116" /><testcase classname="backend.tests.test_export_and_balia.TestBaliaBulk" name="test_colors_have_required_fields" time="0.111" /><testcase classname="backend.tests.test_export_and_balia.TestBaliaBulk" name="test_colors_by_category" time="0.111" /><testcase classname="backend.tests.test_export_and_balia.TestImageEndpoint" name="test_image_endpoint_returns_cache_headers" time="0.278" /><testcase classname="backend.tests.test_export_and_balia.TestImageEndpoint" name="test_nonexistent_image_returns_404" time="0.107" /><testcase classname="backend.tests.test_export_and_balia.TestBulkEndpointPerformance" name="test_bulk_response_time" time="0.140" /><testcase classname="backend.tests.test_export_and_balia.TestBulkEndpointPerformance" name="test_bulk_caching" time="0.250" /></testsuite></testsuites>