<?xml version="1.0" encoding="utf-8"?><testsuites name="pytest tests"><testsuite name="pytest" errors="0" failures="2" skipped="0" tests="11" time="3.737" timestamp="2026-04-01T15:56:12.063874+00:00" hostname="agent-env-ee781224-15ab-4f79-b594-d3d650280348"><testcase classname="backend.tests.test_iteration44_routes.TestHealthAndBasicAPIs" name="test_health_endpoint" time="0.991" /><testcase classname="backend.tests.test_iteration44_routes.TestHealthAndBasicAPIs" name="test_main_landing_settings" time="0.141" /><testcase classname="backend.tests.test_iteration44_routes.TestHealthAndBasicAPIs" name="test_layout_settings" time="0.120" /><testcase classname="backend.tests.test_iteration44_routes.TestHealthAndBasicAPIs" name="test_hero_settings" time="0.184" /><testcase classname="backend.tests.test_iteration44_routes.TestContactAPI" name="test_contact_form_submission" time="1.497" /><testcase classname="backend.tests.test_iteration44_routes.TestBlogAPI" name="test_blog_articles_list" time="0.119" /><testcase classname="backend.tests.test_iteration44_routes.TestCatalogAPI" name="test_catalog_info" time="0.114" /><testcase classname="backend.tests.test_iteration44_routes.TestSiteSettings" name="test_site_settings" time="0.112" /><testcase classname="backend.tests.test_iteration44_routes.TestModelsAPI" name="test_sauna_models" time="0.143"><failure message="assert 404 == 200&#10; +  where 404 = &lt;Response [404]&gt;.status_code">backend/tests/test_iteration44_routes.py:112: in test_sauna_models
    assert response.status_code == 200
E   assert 404 == 200
E    +  where 404 = &lt;Response [404]&gt;.status_code</failure></testcase><testcase classname="backend.tests.test_iteration44_routes.TestModelsAPI" name="test_stock_saunas" time="0.116" /><testcase classname="backend.tests.test_iteration44_routes.TestBalieAPI" name="test_balie_products" time="0.117"><failure message="assert 404 == 200&#10; +  where 404 = &lt;Response [404]&gt;.status_code">backend/tests/test_iteration44_routes.py:132: in test_balie_products
    assert response.status_code == 200
E   assert 404 == 200
E    +  where 404 = &lt;Response [404]&gt;.status_code</failure></testcase></testsuite></testsuites>