<?xml version="1.0" encoding="utf-8"?><testsuites name="pytest tests"><testsuite name="pytest" errors="0" failures="0" skipped="0" tests="16" time="5.871" timestamp="2026-03-31T20:17:07.501810+00:00" hostname="agent-env-d06ca37a-105c-40e6-9c63-d14f276098be"><testcase classname="backend.tests.test_iteration31_ab_testing.TestABTestingPublicAPI" name="test_get_active_ab_tests" time="0.321" /><testcase classname="backend.tests.test_iteration31_ab_testing.TestABTestingPublicAPI" name="test_track_ab_event_impression" time="0.144" /><testcase classname="backend.tests.test_iteration31_ab_testing.TestABTestingPublicAPI" name="test_track_ab_event_click" time="0.135" /><testcase classname="backend.tests.test_iteration31_ab_testing.TestABTestingPublicAPI" name="test_track_ab_event_empty_ids" time="0.123" /><testcase classname="backend.tests.test_iteration31_ab_testing.TestABTestingAdminAPI" name="test_get_ab_tests_list" time="0.128" /><testcase classname="backend.tests.test_iteration31_ab_testing.TestABTestingAdminAPI" name="test_get_ab_tests_unauthorized" time="0.135" /><testcase classname="backend.tests.test_iteration31_ab_testing.TestABTestingAdminAPI" name="test_create_ab_test" time="0.438" /><testcase classname="backend.tests.test_iteration31_ab_testing.TestABTestingAdminAPI" name="test_create_ab_test_unauthorized" time="0.132" /><testcase classname="backend.tests.test_iteration31_ab_testing.TestABTestingAdminAPI" name="test_update_ab_test_status" time="0.484" /><testcase classname="backend.tests.test_iteration31_ab_testing.TestABTestingAdminAPI" name="test_update_ab_test_variants" time="0.593" /><testcase classname="backend.tests.test_iteration31_ab_testing.TestABTestingAdminAPI" name="test_delete_ab_test" time="0.701" /><testcase classname="backend.tests.test_iteration31_ab_testing.TestABTestingAdminAPI" name="test_delete_ab_test_unauthorized" time="0.116" /><testcase classname="backend.tests.test_iteration31_ab_testing.TestABTestingStatistics" name="test_statistics_aggregation" time="1.938" /><testcase classname="backend.tests.test_iteration31_ab_testing.TestPublicPages" name="test_sauny_page_loads" time="0.121" /><testcase classname="backend.tests.test_iteration31_ab_testing.TestPublicPages" name="test_balie_page_loads" time="0.114" /><testcase classname="backend.tests.test_iteration31_ab_testing.TestPublicPages" name="test_health_endpoint" time="0.165" /></testsuite></testsuites>