<?xml version="1.0" encoding="utf-8"?><testsuites name="pytest tests"><testsuite name="pytest" errors="0" failures="0" skipped="0" tests="18" time="1.369" timestamp="2026-03-31T12:29:46.053126+00:00" hostname="agent-env-d3d68f4b-5c31-490a-9abc-c5d6e082e679"><testcase classname="backend.tests.test_iteration24_analytics.TestAnalyticsEventEndpoint" name="test_post_page_view_event" time="0.265" /><testcase classname="backend.tests.test_iteration24_analytics.TestAnalyticsEventEndpoint" name="test_post_click_cta_event" time="0.048" /><testcase classname="backend.tests.test_iteration24_analytics.TestAnalyticsEventEndpoint" name="test_post_generate_lead_event" time="0.047" /><testcase classname="backend.tests.test_iteration24_analytics.TestAnalyticsEventEndpoint" name="test_post_catalog_download_event" time="0.058" /><testcase classname="backend.tests.test_iteration24_analytics.TestAnalyticsEventEndpoint" name="test_post_event_with_utm_params" time="0.045" /><testcase classname="backend.tests.test_iteration24_analytics.TestTrackingSettingsEndpoint" name="test_get_tracking_settings_returns_defaults" time="0.051" /><testcase classname="backend.tests.test_iteration24_analytics.TestTrackingSettingsEndpoint" name="test_tracking_settings_field_types" time="0.048" /><testcase classname="backend.tests.test_iteration24_analytics.TestAnalyticsSummaryEndpoint" name="test_analytics_summary_requires_auth" time="0.048" /><testcase classname="backend.tests.test_iteration24_analytics.TestAnalyticsSummaryEndpoint" name="test_analytics_summary_with_auth" time="0.052" /><testcase classname="backend.tests.test_iteration24_analytics.TestAnalyticsSummaryEndpoint" name="test_analytics_summary_totals_structure" time="0.051" /><testcase classname="backend.tests.test_iteration24_analytics.TestAnalyticsSummaryEndpoint" name="test_analytics_summary_forms_structure" time="0.048" /><testcase classname="backend.tests.test_iteration24_analytics.TestAnalyticsSummaryEndpoint" name="test_analytics_summary_utm_sources_structure" time="0.048" /><testcase classname="backend.tests.test_iteration24_analytics.TestAnalyticsSummaryEndpoint" name="test_analytics_summary_with_days_param" time="0.209" /><testcase classname="backend.tests.test_iteration24_analytics.TestBulkSettingsIncludesTracking" name="test_bulk_settings_endpoint_exists" time="0.051" /><testcase classname="backend.tests.test_iteration24_analytics.TestBulkSettingsIncludesTracking" name="test_bulk_settings_includes_tracking" time="0.051" /><testcase classname="backend.tests.test_iteration24_analytics.TestPageLoading" name="test_sauny_page_loads" time="0.050" /><testcase classname="backend.tests.test_iteration24_analytics.TestPageLoading" name="test_balie_page_loads" time="0.053" /><testcase classname="backend.tests.test_iteration24_analytics.TestPageLoading" name="test_admin_page_loads" time="0.070" /></testsuite></testsuites>