<?xml version="1.0" encoding="utf-8"?><testsuites name="pytest tests"><testsuite name="pytest" errors="0" failures="0" skipped="0" tests="12" time="18.667" timestamp="2026-03-31T20:41:37.092083+00:00" hostname="agent-env-d06ca37a-105c-40e6-9c63-d14f276098be"><testcase classname="backend.tests.test_iteration32_ab_ztest.TestZTestAnalysis" name="test_get_ab_tests_returns_analysis_field" time="0.169" /><testcase classname="backend.tests.test_iteration32_ab_ztest.TestZTestAnalysis" name="test_ztest_contains_required_fields" time="0.115" /><testcase classname="backend.tests.test_iteration32_ab_ztest.TestZTestAnalysis" name="test_create_test_with_significant_difference" time="14.345" /><testcase classname="backend.tests.test_iteration32_ab_ztest.TestZTestAnalysis" name="test_ztest_with_small_sample_returns_needs_more_data" time="2.425" /><testcase classname="backend.tests.test_iteration32_ab_ztest.TestApplyWinner" name="test_apply_winner_updates_button_config" time="0.395" /><testcase classname="backend.tests.test_iteration32_ab_ztest.TestApplyWinner" name="test_apply_winner_sets_status_completed" time="0.295" /><testcase classname="backend.tests.test_iteration32_ab_ztest.TestApplyWinner" name="test_apply_winner_invalid_variant_returns_400" time="0.236" /><testcase classname="backend.tests.test_iteration32_ab_ztest.TestApplyWinner" name="test_apply_winner_nonexistent_test_returns_404" time="0.111" /><testcase classname="backend.tests.test_iteration32_ab_ztest.TestApplyWinner" name="test_apply_winner_requires_auth" time="0.109" /><testcase classname="backend.tests.test_iteration32_ab_ztest.TestPublicPages" name="test_sauny_page_loads" time="0.153" /><testcase classname="backend.tests.test_iteration32_ab_ztest.TestPublicPages" name="test_balie_page_loads" time="0.117" /><testcase classname="backend.tests.test_iteration32_ab_ztest.TestPublicPages" name="test_api_health" time="0.106" /></testsuite></testsuites>