<?xml version="1.0" encoding="utf-8"?><testsuites name="pytest tests"><testsuite name="pytest" errors="0" failures="0" skipped="0" tests="15" time="3.734" timestamp="2026-03-31T17:10:30.659583+00:00" hostname="agent-env-c2a010ac-3a6c-44af-9ed4-8a17589c4472"><testcase classname="backend.tests.test_iteration28_image_optimization.TestImageOptimization" name="test_image_original_returns_200" time="0.494" /><testcase classname="backend.tests.test_iteration28_image_optimization.TestImageOptimization" name="test_image_optimized_w500_q75_returns_webp" time="0.150" /><testcase classname="backend.tests.test_iteration28_image_optimization.TestImageOptimization" name="test_image_thumbnail_w200_q70_returns_webp" time="0.327" /><testcase classname="backend.tests.test_iteration28_image_optimization.TestImageOptimization" name="test_image_size_comparison" time="0.462" /><testcase classname="backend.tests.test_iteration28_image_optimization.TestImageOptimization" name="test_image_cache_headers" time="0.130" /><testcase classname="backend.tests.test_iteration28_image_optimization.TestImageOptimization" name="test_image_not_found_returns_404" time="0.113" /><testcase classname="backend.tests.test_iteration28_image_optimization.TestCalculatorContentEndpoint" name="test_calculator_content_returns_200" time="0.128" /><testcase classname="backend.tests.test_iteration28_image_optimization.TestSettingsBulkEndpoint" name="test_settings_bulk_includes_stock_saunas" time="0.122" /><testcase classname="backend.tests.test_iteration28_image_optimization.TestSettingsBulkEndpoint" name="test_settings_bulk_includes_catalog_available" time="0.140" /><testcase classname="backend.tests.test_iteration28_image_optimization.TestSaunaPublicModels" name="test_public_models_returns_data" time="0.568" /><testcase classname="backend.tests.test_iteration28_image_optimization.TestSaunaPublicModels" name="test_public_models_with_lang_param" time="0.319" /><testcase classname="backend.tests.test_iteration28_image_optimization.TestAdminExportAuth" name="test_export_without_auth_returns_401" time="0.123" /><testcase classname="backend.tests.test_iteration28_image_optimization.TestAdminExportAuth" name="test_export_with_auth_returns_200" time="0.135" /><testcase classname="backend.tests.test_iteration28_image_optimization.TestBaliaEndpoints" name="test_balia_bulk_returns_products" time="0.341" /><testcase classname="backend.tests.test_iteration28_image_optimization.TestBaliaEndpoints" name="test_balia_colors_endpoint" time="0.114" /></testsuite></testsuites>