<?xml version="1.0" encoding="utf-8"?><testsuites name="pytest tests"><testsuite name="pytest" errors="0" failures="0" skipped="0" tests="12" time="3.965" timestamp="2026-03-26T09:20:00.326855+00:00" hostname="agent-env-df2876ee-795c-4f34-857f-271b2391b532"><testcase classname="backend.tests.test_balia_features.TestBaliaProducts" name="test_get_balia_products" time="0.169" /><testcase classname="backend.tests.test_balia_features.TestBaliaColors" name="test_get_balia_colors" time="0.108" /><testcase classname="backend.tests.test_balia_features.TestBaliaColors" name="test_save_balia_color_requires_auth" time="0.107" /><testcase classname="backend.tests.test_balia_features.TestBaliaColors" name="test_save_balia_color_with_auth" time="0.165" /><testcase classname="backend.tests.test_balia_features.TestBaliaCardOptions" name="test_get_card_options_settings" time="0.102" /><testcase classname="backend.tests.test_balia_features.TestBaliaCardOptions" name="test_save_card_options_requires_auth" time="0.093" /><testcase classname="backend.tests.test_balia_features.TestBaliaCardOptions" name="test_save_card_options_with_auth" time="0.193" /><testcase classname="backend.tests.test_balia_features.TestBaliaCalculatorPrices" name="test_get_calculator_prices" time="0.580" /><testcase classname="backend.tests.test_balia_features.TestCatalogEndpoints" name="test_catalog_info" time="0.093" /><testcase classname="backend.tests.test_balia_features.TestCatalogEndpoints" name="test_catalog_download_when_not_available" time="0.137" /><testcase classname="backend.tests.test_balia_features.TestContactForm" name="test_submit_contact_form" time="2.018" /><testcase classname="backend.tests.test_balia_features.TestHealthEndpoint" name="test_health_check" time="0.109" /></testsuite></testsuites>