<?xml version="1.0" encoding="utf-8"?><testsuites name="pytest tests"><testsuite name="pytest" errors="0" failures="0" skipped="0" tests="15" time="2.029" timestamp="2026-03-26T10:56:57.005217+00:00" hostname="agent-env-6d42133f-f639-4437-9be6-f4ca49fb6b91"><testcase classname="backend.tests.test_iteration10_features.TestBaliaContentAPI" name="test_get_balia_content" time="0.123" /><testcase classname="backend.tests.test_iteration10_features.TestBaliaContentAPI" name="test_promo_features_structure" time="0.103" /><testcase classname="backend.tests.test_iteration10_features.TestBaliaContentAPI" name="test_promo_options_structure" time="0.100" /><testcase classname="backend.tests.test_iteration10_features.TestBaliaContentAPI" name="test_promo_badges_structure" time="0.111" /><testcase classname="backend.tests.test_iteration10_features.TestBaliaContentAPI" name="test_section_order_structure" time="0.108" /><testcase classname="backend.tests.test_iteration10_features.TestBaliaContentAPI" name="test_post_balia_content_requires_auth" time="0.095" /><testcase classname="backend.tests.test_iteration10_features.TestBaliaContentAPI" name="test_post_balia_content_with_auth" time="0.215" /><testcase classname="backend.tests.test_iteration10_features.TestBaliaProductsAPI" name="test_get_all_products" time="0.098" /><testcase classname="backend.tests.test_iteration10_features.TestBaliaProductsAPI" name="test_products_have_id_field" time="0.100" /><testcase classname="backend.tests.test_iteration10_features.TestBaliaProductsAPI" name="test_products_with_and_without_api_model_id" time="0.099" /><testcase classname="backend.tests.test_iteration10_features.TestOptionExclusionsAPI" name="test_get_option_exclusions" time="0.145" /><testcase classname="backend.tests.test_iteration10_features.TestOptionExclusionsAPI" name="test_post_option_exclusions_requires_auth" time="0.097" /><testcase classname="backend.tests.test_iteration10_features.TestOptionExclusionsAPI" name="test_post_option_exclusions_with_auth" time="0.205" /><testcase classname="backend.tests.test_iteration10_features.TestHealthAndBasics" name="test_health_endpoint" time="0.099" /><testcase classname="backend.tests.test_iteration10_features.TestHealthAndBasics" name="test_balia_calculator_prices" time="0.278" /></testsuite></testsuites>