<?xml version="1.0" encoding="utf-8"?><testsuites name="pytest tests"><testsuite name="pytest" errors="0" failures="0" skipped="0" tests="7" time="2.691" timestamp="2026-04-01T12:00:24.954158+00:00" hostname="agent-env-d06ca37a-105c-40e6-9c63-d14f276098be"><testcase classname="backend.tests.test_upload_url_fix.TestUploadURLFix" name="test_image_upload_returns_cloudinary_url" time="1.107" /><testcase classname="backend.tests.test_upload_url_fix.TestUploadURLFix" name="test_video_upload_returns_cloudinary_url" time="0.426" /><testcase classname="backend.tests.test_upload_url_fix.TestUploadURLFix" name="test_upload_url_format_no_double_domain" time="0.597" /><testcase classname="backend.tests.test_upload_url_fix.TestFrontendURLResolution" name="test_sauny_page_loads" time="0.105" /><testcase classname="backend.tests.test_upload_url_fix.TestFrontendURLResolution" name="test_balie_page_loads" time="0.135" /><testcase classname="backend.tests.test_upload_url_fix.TestAdminUploadEndpoints" name="test_upload_endpoint_requires_auth" time="0.135" /><testcase classname="backend.tests.test_upload_url_fix.TestAdminUploadEndpoints" name="test_upload_video_endpoint_requires_auth" time="0.130" /></testsuite></testsuites>